\BOOKMARK [1][]{section.1}{\376\377\116\000\060\001\000\040\225\356\230\230\221\315\217\360}{}% 1
\BOOKMARK [2][]{subsection.1.1}{\376\377\0001\000.\0001\000\040\225\356\230\230\200\314\146\157}{section.1}% 2
\BOOKMARK [2][]{subsection.1.2}{\376\377\0001\000.\0002\000\040\225\356\230\230\143\320\121\372}{section.1}% 3
\BOOKMARK [1][]{section.2}{\376\377\116\214\060\001\000\040\152\041\127\213\166\204\120\107\213\276}{}% 4
\BOOKMARK [1][]{section.3}{\376\377\116\011\060\001\000\040\173\046\123\367\213\364\146\016}{}% 5
\BOOKMARK [1][]{section.4}{\376\377\126\333\060\001\000\040\225\356\230\230\122\006\147\220}{}% 6
\BOOKMARK [2][]{subsection.4.1}{\376\377\0004\000.\0001\000\040\200\003\206\121\040\034\123\321\134\004\147\072\040\035\123\357\116\345\145\340\120\117\135\356\217\320\210\114\127\050\127\006\124\150\217\150\220\123\116\012}{section.4}% 7
\BOOKMARK [2][]{subsection.4.2}{\376\377\0004\000.\0002\000\040\200\003\206\121\211\343\147\220\217\320\173\227\121\372\116\343\154\102\143\245\145\066\147\072\166\204\145\271\117\115\117\341\140\157}{section.4}% 8
\BOOKMARK [2][]{subsection.4.3}{\376\377\0004\000.\0003\000\040\200\003\206\121\145\340\116\272\147\072\133\232\117\115\145\271\150\110\217\333\210\114\117\030\123\026\150\041\232\214}{section.4}% 9
\BOOKMARK [2][]{subsection.4.4}{\376\377\0004\000.\0004\000\040\200\003\206\121\040\034\123\321\134\004\147\072\040\035\133\236\226\105\127\050\217\150\147\011\120\117\135\356\145\366\167\353\153\143\147\072\177\244\117\115\177\156}{section.4}% 10
\BOOKMARK [2][]{subsection.4.5}{\376\377\0004\000.\0005\000\040\200\003\206\121\123\330\143\142\177\026\226\037\137\142\140\001\133\236\163\260\147\072\226\037\137\142\140\001\166\204\122\250\140\001\167\353\153\143}{section.4}% 11
\BOOKMARK [1][]{section.5}{\376\377\116\224\060\001\000\040\145\160\143\156\230\204\131\004\164\006}{}% 12
\BOOKMARK [2][]{subsection.5.1}{\376\377\0005\000.\0001\000\040\225\356\230\230\116\000\000\050\0001\000\051\116\055\147\011\136\217\152\041\142\337\226\306\166\204\122\066\117\134}{section.5}% 13
\BOOKMARK [2][]{subsection.5.2}{\376\377\0005\000.\0002\000\040\225\356\230\230\116\000\000\050\0002\000\051\116\055\123\321\134\004\147\072\152\041\142\337\226\306\166\204\122\066\117\134}{section.5}% 14
\BOOKMARK [2][]{subsection.5.3}{\376\377\0005\000.\0003\000\040\225\356\230\230\116\214\116\055\127\120\150\007\145\160\143\156\166\204\221\307\226\306}{section.5}% 15
\BOOKMARK [1][]{section.6}{\376\377\121\155\060\001\000\040\225\356\230\230\116\000\152\041\127\213}{}% 16
\BOOKMARK [2][]{subsection.6.1}{\376\377\0006\000.\0001\000\040\135\362\167\345\123\321\134\004\147\072\177\026\123\367\145\366\136\372\172\313\143\245\145\066\147\072\166\204\133\232\117\115\152\041\127\213}{section.6}% 17
\BOOKMARK [3][]{subsubsection.6.1.1}{\376\377\0006\000.\0001\000.\0001\000\040\143\245\145\066\147\072\116\016\123\321\134\004\147\072\166\370\133\371\117\115\177\156\166\204\213\250\213\272}{subsection.6.1}% 18
\BOOKMARK [3][]{subsubsection.6.1.2}{\376\377\0006\000.\0001\000.\0002\000\040\143\245\145\066\147\072\133\232\117\115\152\041\127\213\174\276\136\246\150\300\232\214}{subsection.6.1}% 19
\BOOKMARK [2][]{subsection.6.2}{\376\377\0006\000.\0002\000\040\147\052\167\345\123\321\134\004\147\072\177\026\123\367\145\366\117\177\123\321\134\004\147\072\145\160\221\317\147\000\134\021}{section.6}% 20
\BOOKMARK [3][]{subsubsection.6.2.1}{\376\377\0006\000.\0002\000.\0001\000\040\210\141\221\317\145\340\116\272\147\072\177\026\226\037\133\232\117\115\121\306\170\156\136\246\166\204\143\137\131\061\121\375\145\160}{subsection.6.2}% 21
\BOOKMARK [3][]{subsubsection.6.2.2}{\376\377\0006\000.\0002\000.\0002\000\040\121\150\134\100\144\034\175\042\203\267\123\326\145\260\130\236\116\000\147\266\040\034\123\321\134\004\147\072\040\035\166\204\177\026\123\367}{subsection.6.2}% 22
\BOOKMARK [3][]{subsubsection.6.2.3}{\376\377\0006\000.\0002\000.\0003\000\040\123\352\123\326\116\000\147\266\040\034\123\321\134\004\147\072\040\035\145\340\154\325\133\214\121\150\133\236\163\260\174\276\170\156\133\232\117\115}{subsection.6.2}% 23
\BOOKMARK [3][]{subsubsection.6.2.4}{\376\377\0006\000.\0002\000.\0004\000\040\121\150\134\100\144\034\175\042\203\267\123\326\145\260\130\236\116\044\147\266\040\034\123\321\134\004\147\072\040\035\166\204\177\026\123\367}{subsection.6.2}% 24
\BOOKMARK [3][]{subsubsection.6.2.5}{\376\377\0006\000.\0002\000.\0005\000\040\173\054\000\050\0002\000\051\134\017\225\356\176\323\213\272}{subsection.6.2}% 25
\BOOKMARK [2][]{subsection.6.3}{\376\377\0006\000.\0003\000\040\142\351\117\030\220\011\123\326\117\341\123\367\123\321\134\004\147\072\116\345\122\250\140\001\214\003\145\164\145\340\116\272\147\072\177\026\226\037\117\115\177\156}{section.6}% 26
\BOOKMARK [3][]{subsubsection.6.3.1}{\376\377\0006\000.\0003\000.\0001\000\040\122\250\140\001\214\003\145\164\040\034\123\321\134\004\147\072\040\035\143\222\136\003\117\115\177\156}{subsection.6.3}% 27
\BOOKMARK [3][]{subsubsection.6.3.2}{\376\377\0006\000.\0003\000.\0002\000\040\123\141\134\024\146\374\156\344\154\342\126\150}{subsection.6.3}% 28
\BOOKMARK [3][]{subsubsection.6.3.3}{\376\377\0006\000.\0003\000.\0003\000\040\201\352\220\002\136\224\166\204\123\141\134\024\146\374\156\344\154\342\173\227\154\325}{subsection.6.3}% 29
\BOOKMARK [3][]{subsubsection.6.3.4}{\376\377\0006\000.\0003\000.\0004\000\040\173\054\000\050\0003\000\051\134\017\225\356\176\323\213\272\000:\177\026\226\037\214\003\145\164\145\271\150\110}{subsection.6.3}% 30
\BOOKMARK [1][]{section.7}{\376\377\116\003\060\001\000\040\225\356\230\230\116\214\152\041\127\213}{}% 31
\BOOKMARK [2][]{subsection.7.1}{\376\377\0007\000.\0001\000\040\200\003\206\121\145\340\116\272\147\072\177\026\226\037\127\213\140\001\123\330\143\142}{section.7}% 32
\BOOKMARK [3][]{subsubsection.7.1.1}{\376\377\0007\000.\0001\000.\0001\000\040\225\045\137\142\177\026\226\037\116\013\127\120\150\007\174\373\166\204\136\372\172\313}{subsection.7.1}% 33
\BOOKMARK [3][]{subsubsection.7.1.2}{\376\377\0007\000.\0001\000.\0002\000\040\236\330\213\244\040\034\123\321\134\004\147\072\040\035\220\011\142\351\166\204\214\003\145\164}{subsection.7.1}% 34
\BOOKMARK [2][]{subsection.7.2}{\376\377\0007\000.\0002\000\040\116\011\160\271\133\232\117\115\154\325\123\237\164\006\123\312\152\041\127\213\217\320\165\050}{section.7}% 35
\BOOKMARK [2][]{subsection.7.3}{\376\377\0007\000.\0003\000\040\145\071\217\333\166\204\123\141\134\024\146\374\156\344\154\342\173\227\154\325}{section.7}% 36
\BOOKMARK [1][]{section.8}{\376\377\121\153\060\001\000\040\152\041\127\213\166\204\213\304\116\367\124\214\145\071\217\333}{}% 37
\BOOKMARK [2][]{subsection.8.1}{\376\377\0008\000.\0001\000\040\152\041\127\213\166\204\117\030\160\271\124\214\116\015\215\263}{section.8}% 38
\BOOKMARK [3][]{subsubsection.8.1.1}{\376\377\0008\000.\0001\000.\0001\000\040\225\356\230\230\116\000\166\204\152\041\127\213\213\304\116\367}{subsection.8.1}% 39
\BOOKMARK [3][]{subsubsection.8.1.2}{\376\377\0008\000.\0001\000.\0002\000\040\225\356\230\230\116\214\166\204\152\041\127\213\213\304\116\367}{subsection.8.1}% 40
\BOOKMARK [2][]{subsection.8.2}{\376\377\0008\000.\0002\000\040\152\041\127\213\166\204\145\071\217\333}{section.8}% 41
\BOOKMARK [3][]{subsubsection.8.2.1}{\376\377\0008\000.\0002\000.\0001\000\040\225\356\230\230\116\000\166\204\152\041\127\213\145\071\217\333}{subsection.8.2}% 42
\BOOKMARK [3][]{subsubsection.8.2.2}{\376\377\0008\000.\0002\000.\0002\000\040\225\356\230\230\116\214\166\204\152\041\127\213\145\071\217\333}{subsection.8.2}% 43
\BOOKMARK [1][]{appendix.a.A}{\376\377\226\104\137\125\000\040\000A\000\040\145\207\116\366\122\027\210\150}{}% 44
\BOOKMARK [1][]{appendix.a.B}{\376\377\226\104\137\125\000\040\000B\000\040\225\356\230\230\116\000\000\050\0001\000\051\134\017\225\356\040\024\040\024\000M\000A\000T\000L\000A\000B\156\220\172\013\136\217}{}% 45
\BOOKMARK [1][]{appendix.a.C}{\376\377\226\104\137\125\000\040\000C\000\040\225\356\230\230\116\000\000\050\0002\000\051\134\017\225\356\040\024\040\024\000M\000A\000T\000L\000A\000B\156\220\172\013\136\217}{}% 46
\BOOKMARK [1][]{appendix.a.D}{\376\377\226\104\137\125\000\040\000D\000\040\225\356\230\230\116\000\000\050\0003\000\051\134\017\225\356\040\024\040\024\000M\000A\000T\000L\000A\000B\156\220\172\013\136\217}{}% 47
\BOOKMARK [1][]{appendix.a.E}{\376\377\226\104\137\125\000\040\000E\000\040\225\356\230\230\116\214\040\024\040\024\000M\000A\000T\000L\000A\000B\156\220\172\013\136\217}{}% 48
\BOOKMARK [1][]{appendix.a.F}{\376\377\226\104\137\125\000\040\000F\000\040\226\104\210\150\000:\225\356\230\230\176\323\147\234\210\150\150\074}{}% 49
